<?xml version="1.0" encoding="UTF-8"?>
<!-- Generated by org.testng.reporters.JUnitReportReporter -->
<testsuite skipped="0" hostname="Kiran-PC" name="com.orangeHrm.tests.AdminPageTest" tests="4" failures="0" timestamp="20 Oct 2019 14:32:33 GMT" time="71.578" errors="0">
  <testcase name="verifyAdminPageLabelTest" time="17.408" classname="com.orangeHrm.tests.AdminPageTest"/>
  <testcase name="verifyUserAvailabilityTest" time="15.207" classname="com.orangeHrm.tests.AdminPageTest"/>
  <testcase name="verifyDeleteUserTest" time="20.417" classname="com.orangeHrm.tests.AdminPageTest"/>
  <testcase name="verifyAddUserClickTest" time="18.546" classname="com.orangeHrm.tests.AdminPageTest"/>
</testsuite> <!-- com.orangeHrm.tests.AdminPageTest -->
