<?xml version="1.0" encoding="UTF-8"?>
<!-- Generated by org.testng.reporters.JUnitReportReporter -->
<testsuite skipped="0" hostname="Kiran-PC" name="com.orangeHrm.tests.HomePageTest" tests="3" failures="0" timestamp="20 Oct 2019 14:28:30 GMT" time="44.183" errors="0">
  <testcase name="verifyHomePageTitleTest" time="11.124" classname="com.orangeHrm.tests.HomePageTest"/>
  <testcase name="verifyUserNameDetailTest" time="14.447" classname="com.orangeHrm.tests.HomePageTest"/>
  <testcase name="verifyClickOnAdminLinkTest" time="18.612" classname="com.orangeHrm.tests.HomePageTest"/>
</testsuite> <!-- com.orangeHrm.tests.HomePageTest -->
