<?xml version="1.0" encoding="UTF-8"?>
<!-- Generated by org.testng.reporters.JUnitReportReporter -->
<testsuite skipped="0" hostname="Kiran-PC" name="com.orangeHrm.tests.LoginPageTest" tests="3" failures="0" timestamp="13 Oct 2019 19:34:12 GMT" time="55.687" errors="0">
  <testcase name="verifyTitleTest" time="12.894" classname="com.orangeHrm.tests.LoginPageTest"/>
  <testcase name="verifyOrangeHrmLogoTest" time="15.139" classname="com.orangeHrm.tests.LoginPageTest"/>
  <testcase name="verifyLoginTest" time="27.654" classname="com.orangeHrm.tests.LoginPageTest"/>
</testsuite> <!-- com.orangeHrm.tests.LoginPageTest -->
