<?xml version="1.0" encoding="UTF-8"?>
<!-- Generated by org.testng.reporters.JUnitReportReporter -->
<testsuite skipped="0" hostname="Kiran-PC" name="com.orangeHrm.tests.LoginPageTest" tests="3" failures="0" timestamp="20 Oct 2019 14:28:30 GMT" time="32.121" errors="0">
  <testcase name="verifyTitleTest" time="9.786" classname="com.orangeHrm.tests.LoginPageTest"/>
  <testcase name="verifyOrangeHrmLogoTest" time="8.884" classname="com.orangeHrm.tests.LoginPageTest"/>
  <testcase name="verifyLoginTest" time="13.451" classname="com.orangeHrm.tests.LoginPageTest"/>
</testsuite> <!-- com.orangeHrm.tests.LoginPageTest -->
